** Se guarda información de lo que va pasando a modo de historial **

*- 30/04/22 -*
    Se ha generado un modelo con menos parametros que aparentemente funciona bien. Se tiene que comprobar le mergeo y el accuracy
    D0 -> acc 0.8821 y val_acc 0.9633 - loss 0.2977 y val_loss 0.2373
    D1 -> acc 0.8918 y val_acc 0.8991 - loss 0.2974 y val_loss 0.22
    MERGED evaluate by d0 -> acc 0.9183 y loss 0.4444
    MERGED evaluate by d1 -> acc 0.9060 y val_acc 0.45 

*- 01/05/22 -*
    Se crea la parte de reentrenaimiento y se comprueba con 2 modelos y 2 días reentrenando. Se arregla el plot y se comprueba
    * Día-1
        D0 -> acc 0.8821 y val_acc 0.9633 - loss 0.2977 y val_loss 0.2373
        D1 -> acc 0.8918 y val_acc 0.8991 - loss 0.2974 y val_loss 0.22
        MERGED evaluate by d0 -> acc 0.9183 y loss 0.4444
        MERGED evaluate by d1 -> acc 0.9060 y val_acc 0.45 

    Cascazo

*- 02/05/22 -*
    Se generan reusltados en csv y se hecha a andar con 2 devices y 2 días de reentreno pero con una sola época para comprobar si e smejor 1 epoc ay más días con el merge
    Habría que comprobar si, 2 epocas y 2 días >= a 1 epoca y 4 días y qu edarnso con ese resultado

*- 08/05/22 -* 
    Se generan todas las tablas bien y tenemos muy buenos resultados con el modelo VGG16 en el '08-05-2022 16-13'. Todos mejoran. aprox 2h de ejecucion con 2 devices y 4 days
    Generamos lo mismo con el model MobileNetV2